[0.013s] Invoking command in '/home/tingsheng/Documents/Personal/ros2_drive_controller/ros2_ws/build/diff_drive_controller': CMAKE_PREFIX_PATH=${CMAKE_PREFIX_PATH}:/home/tingsheng/ws_isaacsim/install/isaac_ros_navigation_goal:/home/tingsheng/ws_moveit/install/moveit_configs_utils:/home/tingsheng/ws_moveit/install/launch_param_builder:/opt/ros/humble /usr/bin/cmake --build /home/tingsheng/Documents/Personal/ros2_drive_controller/ros2_ws/build/diff_drive_controller -- -j16 -l16
[0.061s] [35m[1mConsolidate compiler generated dependencies of target dummy[0m
[0.076s] [ 50%] Built target listener
[0.078s] [ 75%] [32mBuilding CXX object CMakeFiles/dummy.dir/src/dummy.cpp.o[0m
[1.642s] [01m[K/home/tingsheng/Documents/Personal/ros2_drive_controller/ros2_ws/src/diff_drive_controller/src/dummy.cpp:[m[K In function â€˜[01m[Kint main(int, char**)[m[Kâ€™:
[1.642s] [01m[K/home/tingsheng/Documents/Personal/ros2_drive_controller/ros2_ws/src/diff_drive_controller/src/dummy.cpp:20:35:[m[K [01;31m[Kerror: [m[Kexpected primary-expression before â€˜[01m[K)[m[Kâ€™ token
[1.642s]    20 |     rclcpp::spin(MinimalSubscriber[01;31m[K)[m[K;
[1.642s]       |                                   [01;31m[K^[m[K
[1.954s] gmake[2]: *** [CMakeFiles/dummy.dir/build.make:76: CMakeFiles/dummy.dir/src/dummy.cpp.o] Error 1
[1.954s] gmake[1]: *** [CMakeFiles/Makefile2:165: CMakeFiles/dummy.dir/all] Error 2
[1.955s] gmake: *** [Makefile:146: all] Error 2
[1.957s] Invoked command in '/home/tingsheng/Documents/Personal/ros2_drive_controller/ros2_ws/build/diff_drive_controller' returned '2': CMAKE_PREFIX_PATH=${CMAKE_PREFIX_PATH}:/home/tingsheng/ws_isaacsim/install/isaac_ros_navigation_goal:/home/tingsheng/ws_moveit/install/moveit_configs_utils:/home/tingsheng/ws_moveit/install/launch_param_builder:/opt/ros/humble /usr/bin/cmake --build /home/tingsheng/Documents/Personal/ros2_drive_controller/ros2_ws/build/diff_drive_controller -- -j16 -l16
